c:\users\matthew boyea\source\repos\minininjaplatformer\minininja\debug\vc142.pdb
c:\users\matthew boyea\source\repos\minininjaplatformer\minininja\debug\vc142.idb
c:\users\matthew boyea\source\repos\minininjaplatformer\minininja\debug\main.obj
c:\users\matthew boyea\source\repos\minininjaplatformer\minininja\debug\event.obj
c:\users\matthew boyea\source\repos\minininjaplatformer\minininja\debug\focusstate.obj
c:\users\matthew boyea\source\repos\minininjaplatformer\minininja\debug\game.obj
c:\users\matthew boyea\source\repos\minininjaplatformer\minininja\debug\window.obj
c:\users\matthew boyea\source\repos\minininjaplatformer\minininja\debug\time.obj
c:\users\matthew boyea\source\repos\minininjaplatformer\debug\minininja.pdb
c:\users\matthew boyea\source\repos\minininjaplatformer\minininja\debug\minininja.tlog\cl.command.1.tlog
c:\users\matthew boyea\source\repos\minininjaplatformer\minininja\debug\minininja.tlog\cl.read.1.tlog
c:\users\matthew boyea\source\repos\minininjaplatformer\minininja\debug\minininja.tlog\cl.write.1.tlog
c:\users\matthew boyea\source\repos\minininjaplatformer\minininja\debug\minininja.tlog\link-cvtres.read.1.tlog
c:\users\matthew boyea\source\repos\minininjaplatformer\minininja\debug\minininja.tlog\link-cvtres.write.1.tlog
c:\users\matthew boyea\source\repos\minininjaplatformer\minininja\debug\minininja.tlog\link-rc.read.1.tlog
c:\users\matthew boyea\source\repos\minininjaplatformer\minininja\debug\minininja.tlog\link-rc.write.1.tlog
c:\users\matthew boyea\source\repos\minininjaplatformer\minininja\debug\minininja.tlog\link.11212-cvtres.read.1.tlog
c:\users\matthew boyea\source\repos\minininjaplatformer\minininja\debug\minininja.tlog\link.11212-cvtres.write.1.tlog
c:\users\matthew boyea\source\repos\minininjaplatformer\minininja\debug\minininja.tlog\link.11212-rc.read.1.tlog
c:\users\matthew boyea\source\repos\minininjaplatformer\minininja\debug\minininja.tlog\link.11212-rc.write.1.tlog
c:\users\matthew boyea\source\repos\minininjaplatformer\minininja\debug\minininja.tlog\link.11212.read.1.tlog
c:\users\matthew boyea\source\repos\minininjaplatformer\minininja\debug\minininja.tlog\link.11212.write.1.tlog
c:\users\matthew boyea\source\repos\minininjaplatformer\minininja\debug\minininja.tlog\link.command.1.tlog
c:\users\matthew boyea\source\repos\minininjaplatformer\minininja\debug\minininja.tlog\link.read.1.tlog
c:\users\matthew boyea\source\repos\minininjaplatformer\minininja\debug\minininja.tlog\link.write.1.tlog
