  AABBCollider.cpp
  Audio.cpp
  Camera.cpp
  Collider.cpp
  Colliders.cpp
  Console.cpp
  DebugFocus.cpp
  Draw.cpp
  EditorFocus.cpp
  Entities.cpp
  Entity.cpp
  Event.cpp
  FileParameters.cpp
  Files.cpp
  FocusState.cpp
  Fonts.cpp
  Game.cpp
  Input.cpp
  Log.cpp
  Particle.cpp
  Generating Code...
  Compiling...
  PauseFocus.cpp
  Resource.cpp
P:\C++\2021\MiniNinja\MiniNinja\Resource.cpp(96,114): error C2275: 'std::string': illegal use of this type as an expression
P:\C++\2021\MiniNinja\MiniNinja\Resource.cpp(96): message : see declaration of 'std::string'
P:\C++\2021\MiniNinja\MiniNinja\Resource.cpp(96,121): error C2146: syntax error: missing ')' before identifier 'audioFolderPath'
P:\C++\2021\MiniNinja\MiniNinja\Resource.cpp(96,121): error C2146: syntax error: missing ';' before identifier 'audioFolderPath'
P:\C++\2021\MiniNinja\MiniNinja\Resource.cpp(96,136): error C2059: syntax error: ')'
  Scene.cpp
  SceneFocus.cpp
  Sprite.cpp
  Textures.cpp
  Tilemap.cpp
  Time.cpp
  Window.cpp
  main.cpp
  Generating Code...
